0 info it worked if it ends with ok
1 verbose cli [ '/usr/local/bin/node', '/usr/local/bin/npm', 'start' ]
2 info using npm@3.3.12
3 info using node@v5.1.1
4 verbose run-script [ 'prestart', 'start', 'poststart' ]
5 info lifecycle SchoolFellow@0.0.1~prestart: SchoolFellow@0.0.1
6 silly lifecycle SchoolFellow@0.0.1~prestart: no script for prestart, continuing
7 info lifecycle SchoolFellow@0.0.1~start: SchoolFellow@0.0.1
8 verbose lifecycle SchoolFellow@0.0.1~start: unsafe-perm in lifecycle true
9 verbose lifecycle SchoolFellow@0.0.1~start: PATH: /usr/local/lib/node_modules/npm/bin/node-gyp-bin:/Users/farmerjohn/AndroidStudioProjects/SchoolFellow/node_modules/.bin:/Library/Frameworks/Python.framework/Versions/3.4/bin:/usr/local/bin:/usr/bin:/bin:/usr/sbin:/sbin:/opt/X11/bin:/usr/local/git/bin:/Users/farmerjohn/groovy-2.4.5/bin:/Users/farmerjohn/shell:/Users/farmerjohn/gradle-2.4/bin:/Users/farmerjohn/Library/Android/sdk/tools:/Users/farmerjohn/Library/Android/sdk/platform-tools:/Users/farmerjohn/Library/Android/sdk/build-tools/23.0.1
10 verbose lifecycle SchoolFellow@0.0.1~start: CWD: /Users/farmerjohn/AndroidStudioProjects/SchoolFellow
11 silly lifecycle SchoolFellow@0.0.1~start: Args: [ '-c',
11 silly lifecycle   'node node_modules/react-native/local-cli/cli.js start' ]
12 silly lifecycle SchoolFellow@0.0.1~start: Returned: code: 1  signal: null
13 info lifecycle SchoolFellow@0.0.1~start: Failed to exec start script
14 verbose stack Error: SchoolFellow@0.0.1 start: `node node_modules/react-native/local-cli/cli.js start`
14 verbose stack Exit status 1
14 verbose stack     at EventEmitter.<anonymous> (/usr/local/lib/node_modules/npm/lib/utils/lifecycle.js:232:16)
14 verbose stack     at emitTwo (events.js:87:13)
14 verbose stack     at EventEmitter.emit (events.js:172:7)
14 verbose stack     at ChildProcess.<anonymous> (/usr/local/lib/node_modules/npm/lib/utils/spawn.js:24:14)
14 verbose stack     at emitTwo (events.js:87:13)
14 verbose stack     at ChildProcess.emit (events.js:172:7)
14 verbose stack     at maybeClose (internal/child_process.js:818:16)
14 verbose stack     at Process.ChildProcess._handle.onexit (internal/child_process.js:211:5)
15 verbose pkgid SchoolFellow@0.0.1
16 verbose cwd /Users/farmerjohn/AndroidStudioProjects/SchoolFellow
17 error Darwin 14.4.0
18 error argv "/usr/local/bin/node" "/usr/local/bin/npm" "start"
19 error node v5.1.1
20 error npm  v3.3.12
21 error code ELIFECYCLE
22 error SchoolFellow@0.0.1 start: `node node_modules/react-native/local-cli/cli.js start`
22 error Exit status 1
23 error Failed at the SchoolFellow@0.0.1 start script 'node node_modules/react-native/local-cli/cli.js start'.
23 error Make sure you have the latest version of node.js and npm installed.
23 error If you do, this is most likely a problem with the SchoolFellow package,
23 error not with npm itself.
23 error Tell the author that this fails on your system:
23 error     node node_modules/react-native/local-cli/cli.js start
23 error You can get their info via:
23 error     npm owner ls SchoolFellow
23 error There is likely additional logging output above.
24 verbose exit [ 1, true ]
